d:\program files\of_v0.9.6_vs_release\apps\myapps\ofxplanets\obj\debug\ofxbutton.obj
d:\program files\of_v0.9.6_vs_release\apps\myapps\ofxplanets\obj\debug\adsr.obj
d:\program files\of_v0.9.6_vs_release\apps\myapps\ofxplanets\obj\debug\blit.obj
d:\program files\of_v0.9.6_vs_release\apps\myapps\ofxplanets\obj\debug\bowed.obj
d:\program files\of_v0.9.6_vs_release\apps\myapps\ofxplanets\obj\debug\delaya.obj
d:\program files\of_v0.9.6_vs_release\apps\myapps\ofxplanets\obj\debug\filewrite.obj
d:\program files\of_v0.9.6_vs_release\apps\myapps\ofxplanets\obj\debug\freeverb.obj
d:\program files\of_v0.9.6_vs_release\apps\myapps\ofxplanets\obj\debug\mesh2d.obj
d:\program files\of_v0.9.6_vs_release\apps\myapps\ofxplanets\obj\debug\nrev.obj
d:\program files\of_v0.9.6_vs_release\apps\myapps\ofxplanets\obj\debug\prcrev.obj
d:\program files\of_v0.9.6_vs_release\apps\myapps\ofxplanets\obj\debug\singwave.obj
d:\program files\of_v0.9.6_vs_release\apps\myapps\ofxplanets\obj\debug\twang.obj
d:\program files\of_v0.9.6_vs_release\apps\myapps\ofxplanets\obj\debug\ofapp.obj
d:\program files\of_v0.9.6_vs_release\apps\myapps\ofxplanets\obj\debug\ofxbasegui.obj
d:\program files\of_v0.9.6_vs_release\apps\myapps\ofxplanets\obj\debug\asymp.obj
d:\program files\of_v0.9.6_vs_release\apps\myapps\ofxplanets\obj\debug\blitsaw.obj
d:\program files\of_v0.9.6_vs_release\apps\myapps\ofxplanets\obj\debug\brass.obj
d:\program files\of_v0.9.6_vs_release\apps\myapps\ofxplanets\obj\debug\delayl.obj
d:\program files\of_v0.9.6_vs_release\apps\myapps\ofxplanets\obj\debug\filewvout.obj
d:\program files\of_v0.9.6_vs_release\apps\myapps\ofxplanets\obj\debug\guitar.obj
d:\program files\of_v0.9.6_vs_release\apps\myapps\ofxplanets\obj\debug\modalbar.obj
d:\program files\of_v0.9.6_vs_release\apps\myapps\ofxplanets\obj\debug\percflut.obj
d:\program files\of_v0.9.6_vs_release\apps\myapps\ofxplanets\obj\debug\sampler.obj
d:\program files\of_v0.9.6_vs_release\apps\myapps\ofxplanets\obj\debug\sphere.obj
d:\program files\of_v0.9.6_vs_release\apps\myapps\ofxplanets\obj\debug\twozero.obj
d:\program files\of_v0.9.6_vs_release\apps\myapps\ofxplanets\obj\debug\ofxlabel.obj
d:\program files\of_v0.9.6_vs_release\apps\myapps\ofxplanets\obj\debug\beethree.obj
d:\program files\of_v0.9.6_vs_release\apps\myapps\ofxplanets\obj\debug\blowhole.obj
d:\program files\of_v0.9.6_vs_release\apps\myapps\ofxplanets\obj\debug\delay.obj
d:\program files\of_v0.9.6_vs_release\apps\myapps\ofxplanets\obj\debug\envelope.obj
d:\program files\of_v0.9.6_vs_release\apps\myapps\ofxplanets\obj\debug\fm.obj
d:\program files\of_v0.9.6_vs_release\apps\myapps\ofxplanets\obj\debug\lentpitshift.obj
d:\program files\of_v0.9.6_vs_release\apps\myapps\ofxplanets\obj\debug\moog.obj
d:\program files\of_v0.9.6_vs_release\apps\myapps\ofxplanets\obj\debug\polezero.obj
d:\program files\of_v0.9.6_vs_release\apps\myapps\ofxplanets\obj\debug\sinewave.obj
d:\program files\of_v0.9.6_vs_release\apps\myapps\ofxplanets\obj\debug\stk.obj
d:\program files\of_v0.9.6_vs_release\apps\myapps\ofxplanets\obj\debug\whistle.obj
d:\program files\of_v0.9.6_vs_release\apps\myapps\ofxplanets\obj\debug\ofxslider.obj
d:\program files\of_v0.9.6_vs_release\apps\myapps\ofxplanets\obj\debug\echo.obj
d:\program files\of_v0.9.6_vs_release\apps\myapps\ofxplanets\obj\debug\flute.obj
d:\program files\of_v0.9.6_vs_release\apps\myapps\ofxplanets\obj\debug\iir.obj
d:\program files\of_v0.9.6_vs_release\apps\myapps\ofxplanets\obj\debug\midifilein.obj
d:\program files\of_v0.9.6_vs_release\apps\myapps\ofxplanets\obj\debug\pitshift.obj
d:\program files\of_v0.9.6_vs_release\apps\myapps\ofxplanets\obj\debug\shakers.obj
d:\program files\of_v0.9.6_vs_release\apps\myapps\ofxplanets\obj\debug\tubebell.obj
d:\program files\of_v0.9.6_vs_release\apps\myapps\ofxplanets\obj\debug\main.obj
d:\program files\of_v0.9.6_vs_release\apps\myapps\ofxplanets\obj\debug\ofxslidergroup.obj
d:\program files\of_v0.9.6_vs_release\apps\myapps\ofxplanets\obj\debug\filewvin.obj
d:\program files\of_v0.9.6_vs_release\apps\myapps\ofxplanets\obj\debug\granulate.obj
d:\program files\of_v0.9.6_vs_release\apps\myapps\ofxplanets\obj\debug\messager.obj
d:\program files\of_v0.9.6_vs_release\apps\myapps\ofxplanets\obj\debug\onepole.obj
d:\program files\of_v0.9.6_vs_release\apps\myapps\ofxplanets\obj\debug\resonate.obj
d:\program files\of_v0.9.6_vs_release\apps\myapps\ofxplanets\obj\debug\sitar.obj
d:\program files\of_v0.9.6_vs_release\apps\myapps\ofxplanets\obj\debug\twopole.obj
d:\program files\of_v0.9.6_vs_release\apps\myapps\ofxplanets\obj\debug\ofxpanel.obj
d:\program files\of_v0.9.6_vs_release\apps\myapps\ofxplanets\obj\debug\bandedwg.obj
d:\program files\of_v0.9.6_vs_release\apps\myapps\ofxplanets\obj\debug\blitsquare.obj
d:\program files\of_v0.9.6_vs_release\apps\myapps\ofxplanets\obj\debug\chorus.obj
d:\program files\of_v0.9.6_vs_release\apps\myapps\ofxplanets\obj\debug\drummer.obj
d:\program files\of_v0.9.6_vs_release\apps\myapps\ofxplanets\obj\debug\fir.obj
d:\program files\of_v0.9.6_vs_release\apps\myapps\ofxplanets\obj\debug\hevymetl.obj
d:\program files\of_v0.9.6_vs_release\apps\myapps\ofxplanets\obj\debug\modal.obj
d:\program files\of_v0.9.6_vs_release\apps\myapps\ofxplanets\obj\debug\onezero.obj
d:\program files\of_v0.9.6_vs_release\apps\myapps\ofxplanets\obj\debug\rhodey.obj
d:\program files\of_v0.9.6_vs_release\apps\myapps\ofxplanets\obj\debug\skini.obj
d:\program files\of_v0.9.6_vs_release\apps\myapps\ofxplanets\obj\debug\voicer.obj
d:\program files\of_v0.9.6_vs_release\apps\myapps\ofxplanets\obj\debug\ofxguigroup.obj
d:\program files\of_v0.9.6_vs_release\apps\myapps\ofxplanets\obj\debug\fileread.obj
d:\program files\of_v0.9.6_vs_release\apps\myapps\ofxplanets\obj\debug\formswep.obj
d:\program files\of_v0.9.6_vs_release\apps\myapps\ofxplanets\obj\debug\mandolin.obj
d:\program files\of_v0.9.6_vs_release\apps\myapps\ofxplanets\obj\debug\noise.obj
d:\program files\of_v0.9.6_vs_release\apps\myapps\ofxplanets\obj\debug\plucked.obj
d:\program files\of_v0.9.6_vs_release\apps\myapps\ofxplanets\obj\debug\simple.obj
d:\program files\of_v0.9.6_vs_release\apps\myapps\ofxplanets\obj\debug\tapdelay.obj
d:\program files\of_v0.9.6_vs_release\apps\myapps\ofxplanets\obj\debug\wurley.obj
d:\program files\of_v0.9.6_vs_release\apps\myapps\ofxplanets\obj\debug\ofxtoggle.obj
d:\program files\of_v0.9.6_vs_release\apps\myapps\ofxplanets\obj\debug\biquad.obj
d:\program files\of_v0.9.6_vs_release\apps\myapps\ofxplanets\obj\debug\blowbotl.obj
d:\program files\of_v0.9.6_vs_release\apps\myapps\ofxplanets\obj\debug\clarinet.obj
d:\program files\of_v0.9.6_vs_release\apps\myapps\ofxplanets\obj\debug\fileloop.obj
d:\program files\of_v0.9.6_vs_release\apps\myapps\ofxplanets\obj\debug\fmvoices.obj
d:\program files\of_v0.9.6_vs_release\apps\myapps\ofxplanets\obj\debug\jcrev.obj
d:\program files\of_v0.9.6_vs_release\apps\myapps\ofxplanets\obj\debug\modulate.obj
d:\program files\of_v0.9.6_vs_release\apps\myapps\ofxplanets\obj\debug\phonemes.obj
d:\program files\of_v0.9.6_vs_release\apps\myapps\ofxplanets\obj\debug\saxofony.obj
d:\program files\of_v0.9.6_vs_release\apps\myapps\ofxplanets\obj\debug\stifkarp.obj
d:\program files\of_v0.9.6_vs_release\apps\myapps\ofxplanets\obj\debug\voicform.obj
d:\program files\of_v0.9.6_vs_release\apps\myapps\ofxplanets\obj\debug\vc140.pdb
d:\program files\of_v0.9.6_vs_release\apps\myapps\ofxplanets\bin\planets_debug.lib
d:\program files\of_v0.9.6_vs_release\apps\myapps\ofxplanets\bin\planets_debug.exp
d:\program files\of_v0.9.6_vs_release\apps\myapps\ofxplanets\obj\debug\icon.res
d:\program files\of_v0.9.6_vs_release\apps\myapps\ofxplanets\obj\debug\planets.vcxprojresolveassemblyreference.cache
d:\program files\of_v0.9.6_vs_release\apps\myapps\ofxplanets\obj\debug\planets.tlog\cl.command.1.tlog
d:\program files\of_v0.9.6_vs_release\apps\myapps\ofxplanets\obj\debug\planets.tlog\cl.read.1.tlog
d:\program files\of_v0.9.6_vs_release\apps\myapps\ofxplanets\obj\debug\planets.tlog\cl.write.1.tlog
d:\program files\of_v0.9.6_vs_release\apps\myapps\ofxplanets\obj\debug\planets.tlog\link-cvtres.read.1.tlog
d:\program files\of_v0.9.6_vs_release\apps\myapps\ofxplanets\obj\debug\planets.tlog\link-cvtres.write.1.tlog
d:\program files\of_v0.9.6_vs_release\apps\myapps\ofxplanets\obj\debug\planets.tlog\link-rc.read.1.tlog
d:\program files\of_v0.9.6_vs_release\apps\myapps\ofxplanets\obj\debug\planets.tlog\link-rc.write.1.tlog
d:\program files\of_v0.9.6_vs_release\apps\myapps\ofxplanets\obj\debug\planets.tlog\link.13568-cvtres.read.1.tlog
d:\program files\of_v0.9.6_vs_release\apps\myapps\ofxplanets\obj\debug\planets.tlog\link.13568-cvtres.write.1.tlog
d:\program files\of_v0.9.6_vs_release\apps\myapps\ofxplanets\obj\debug\planets.tlog\link.13568-rc.read.1.tlog
d:\program files\of_v0.9.6_vs_release\apps\myapps\ofxplanets\obj\debug\planets.tlog\link.13568-rc.write.1.tlog
d:\program files\of_v0.9.6_vs_release\apps\myapps\ofxplanets\obj\debug\planets.tlog\link.13568.read.1.tlog
d:\program files\of_v0.9.6_vs_release\apps\myapps\ofxplanets\obj\debug\planets.tlog\link.13568.write.1.tlog
d:\program files\of_v0.9.6_vs_release\apps\myapps\ofxplanets\obj\debug\planets.tlog\link.command.1.tlog
d:\program files\of_v0.9.6_vs_release\apps\myapps\ofxplanets\obj\debug\planets.tlog\link.read.1.tlog
d:\program files\of_v0.9.6_vs_release\apps\myapps\ofxplanets\obj\debug\planets.tlog\link.write.1.tlog
d:\program files\of_v0.9.6_vs_release\apps\myapps\ofxplanets\obj\debug\planets.tlog\planets.write.1u.tlog
d:\program files\of_v0.9.6_vs_release\apps\myapps\ofxplanets\obj\debug\planets.tlog\rc.command.1.tlog
d:\program files\of_v0.9.6_vs_release\apps\myapps\ofxplanets\obj\debug\planets.tlog\rc.read.1.tlog
d:\program files\of_v0.9.6_vs_release\apps\myapps\ofxplanets\obj\debug\planets.tlog\rc.write.1.tlog
